2019-01-04_19:08:51,017 ------- Program started
2019-01-04_19:09:18,265 authentication failure for that user ksfsf
2019-01-04_19:09:18,265 -------- End of program
2019-01-04_19:09:38,711 ------- Program started
2019-01-04_19:09:49,788 authentication failure for that user admin
2019-01-04_19:09:49,788 -------- End of program
2019-01-04_19:09:59,478 ------- Program started
2019-01-04_19:10:10,275 authentication failure for that user dbuser
2019-01-04_19:10:10,275 -------- End of program
2019-01-04_19:10:19,220 ------- Program started
2019-01-04_19:10:28,415 authentication failure for that user vgjj
2019-01-04_19:10:28,416 -------- End of program
2019-01-04_19:15:14,715 ------- Program started
2019-01-04_19:15:24,340 authentication failure for that user dbuser
2019-01-04_19:15:24,340 -------- End of program
2019-01-04_19:16:00,405 ------- Program started
2019-01-04_19:16:07,803 authentication failure for that user dbuser
2019-01-04_19:16:07,803 -------- End of program
2019-01-05_02:30:00,879 ------- Program started
2019-01-05_02:30:09,493 authentication failure for that user admin
2019-01-05_02:30:09,500 -------- End of program
2019-01-05_02:30:19,816 ------- Program started
2019-01-05_02:30:29,243 user dbuserauthenticated succesfully
2019-01-05_02:30:29,259 -------- End of program
2019-01-05_03:09:40,035 ------- Program started
2019-01-05_03:09:48,587 user dbuserauthenticated succesfully
2019-01-05_03:09:48,961 -------- End of program
2019-01-05_03:56:15,054 ------- Program started
2019-01-05_03:56:22,905 user dbuserauthenticated succesfully
2019-01-05_03:56:23,420 -------- End of program
2019-01-05_03:58:16,220 ------- Program started
2019-01-05_03:58:24,229 user dbuserauthenticated succesfully
2019-01-05_03:58:24,623 -------- End of program
2019-01-05_04:07:20,791 ------- Program started
2019-01-05_04:07:27,658 user dbuserauthenticated succesfully
2019-01-05_04:07:27,918 -------- End of program
2019-01-05_04:11:23,285 ------- Program started
2019-01-05_04:11:27,188 authentication failure for that user afqe
2019-01-05_04:11:27,188 -------- End of program
2019-01-05_04:12:02,121 ------- Program started
2019-01-05_04:12:05,276 authentication failure for that user afads
2019-01-05_04:12:05,276 -------- End of program
2019-01-05_04:53:32,469 ------- Program started
2019-01-05_04:53:36,339 authentication failure for that user adsfad
2019-01-05_04:53:36,339 -------- End of program
2019-01-05_04:54:07,891 ------- Program started
2019-01-05_04:54:10,840 authentication failure for that user asdfas
2019-01-05_04:54:10,840 -------- End of program
2019-01-05_04:54:23,057 ------- Program started
2019-01-05_04:54:29,182 user dbuserauthenticated succesfully
2019-01-05_04:55:49,947 ------- Program started
2019-01-05_04:55:56,949 user dbuserauthenticated succesfully
2019-01-05_04:55:57,209 -------- End of program
2019-01-05_05:18:14,046 ------- Program started
2019-01-05_05:18:19,722 user dbuserauthenticated succesfully
2019-01-05_05:18:20,000 -------- End of program
2019-01-05_17:45:57,431 ------- Program started
2019-01-05_17:46:04,881 user dbuserauthenticated succesfully
2019-01-05_17:46:05,166 -------- End of program
2019-01-05_18:22:53,200 ------- Program started
2019-01-05_18:22:56,536 authentication failure for that user 
2019-01-05_18:22:56,536 -------- End of program
2019-01-06_03:31:53,532 ------- Program started
2019-01-06_03:32:00,636 user dbuserauthenticated succesfully
2019-01-06_03:32:00,902 -------- End of program
2019-02-12_02:35:26,028 ------- Program started
2019-02-12_02:35:45,160 authentication failure for that user dbuser
2019-02-12_02:35:45,162 -------- End of program
2019-02-12_02:35:59,576 ------- Program started
2019-02-12_02:36:12,889 authentication failure for that user dbuser
2019-02-12_02:36:12,893 -------- End of program
2019-02-12_02:37:18,905 ------- Program started
2019-02-12_02:37:25,812 user dbuserauthenticated succesfully
2019-02-12_02:37:27,136 -------- End of program
2019-02-13_15:14:29,038 ------- Program started
2019-02-13_15:14:36,812 authentication failure for that user dbuser 
2019-02-13_15:14:36,812 -------- End of program
2019-02-13_15:14:51,751 ------- Program started
2019-02-13_15:15:02,783 authentication failure for that user dbuser
2019-02-13_15:15:02,783 -------- End of program
2019-02-13_15:15:10,005 ------- Program started
2019-02-13_15:15:18,502 authentication failure for that user dbuser
2019-02-13_15:15:18,503 -------- End of program
2019-02-13_15:18:39,308 ------- Program started
2019-02-13_15:18:48,135 user dbuserauthenticated succesfully
2019-02-13_15:18:48,628 -------- End of program
2019-02-13_15:59:21,902 ------- Program started
2019-02-13_15:59:28,857 user dbuserauthenticated succesfully
2019-02-13_16:00:27,875 ------- Program started
2019-02-13_16:00:34,461 user dbuserauthenticated succesfully
2019-02-13_16:02:08,413 ------- Program started
2019-02-13_16:02:14,637 user dbuserauthenticated succesfully
2019-02-13_16:21:13,958 ------- Program started
2019-02-13_16:21:20,069 user dbuserauthenticated succesfully
2019-02-13_16:22:04,061 ------- Program started
2019-02-13_16:22:09,767 user dbuserauthenticated succesfully
2019-02-13_16:23:28,739 -------- End of program
2019-02-13_16:23:54,362 ------- Program started
2019-02-13_16:24:04,337 user dbuserauthenticated succesfully
2019-02-13_16:24:17,910 -------- End of program
2019-02-13_20:43:51,303 ------- Program started
2019-02-13_20:43:58,530 user dbuserauthenticated succesfully
2019-02-13_20:44:05,300 userdbusermanaging the Database
2019-02-13_20:44:08,900 userdbusermanaging Question's Table
2019-02-13_20:44:16,594 userdbuserchoose Create A Question
2019-02-13_20:45:19,790 -------- End of program
2019-02-13_20:56:07,668 ------- Program started
2019-02-13_20:56:14,768 user dbuserauthenticated succesfully
2019-02-13_20:56:19,393 userdbusermanaging the Database
2019-02-13_20:56:21,714 userdbusermanaging Question's Table
2019-02-13_20:56:23,409 userdbuserchoose Create A Question
2019-02-13_20:56:46,103 -------- End of program
2019-02-13_21:03:10,388 ------- Program started
2019-02-13_21:03:18,562 user dbuserauthenticated succesfully
2019-02-13_21:03:22,245 userdbusermanaging the Database
2019-02-13_21:03:24,348 userdbusermanaging Question's Table
2019-02-13_21:03:26,240 userdbuserchoose Create A Question
2019-02-13_21:04:00,196 -------- End of program
2019-02-13_21:06:45,892 ------- Program started
2019-02-13_21:06:51,907 user dbuserauthenticated succesfully
2019-02-13_21:06:55,707 userdbusermanaging the Database
2019-02-13_21:07:00,090 userdbusermanaging Question's Table
2019-02-13_21:07:08,384 userdbuserchoose Create A Question
2019-02-13_21:07:26,535 -------- End of program
2019-02-13_21:08:57,277 ------- Program started
2019-02-13_21:09:03,794 user dbuserauthenticated succesfully
2019-02-13_21:09:07,223 userdbusermanaging the Database
2019-02-13_21:09:10,009 userdbusermanaging Question's Table
2019-02-13_21:09:11,735 userdbuserchoose Create A Question
2019-02-13_21:09:34,468 -------- End of program
2019-02-13_21:10:34,883 ------- Program started
2019-02-13_21:10:48,216 user dbuserauthenticated succesfully
2019-02-13_21:10:50,798 userdbusermanaging the Database
2019-02-13_21:10:54,022 userdbusermanaging Question's Table
2019-02-13_21:10:55,657 userdbuserchoose Create A Question
2019-02-13_21:11:19,846 -------- End of program
2019-02-13_21:14:34,681 ------- Program started
2019-02-13_21:14:42,453 user dbuserauthenticated succesfully
2019-02-13_21:14:47,397 userdbusermanaging the Database
2019-02-13_21:14:51,914 userdbusermanaging Question's Table
2019-02-13_21:14:53,265 userdbuserchoose Create A Question
2019-02-13_21:15:02,038 -------- End of program
2019-02-13_21:15:41,187 ------- Program started
2019-02-13_21:15:47,450 user dbuserauthenticated succesfully
2019-02-13_21:15:50,512 userdbusermanaging the Database
2019-02-13_21:16:05,169 userdbusermanaging Question's Table
2019-02-13_21:16:07,293 userdbuserchoose Create A Question
2019-02-13_21:16:15,283 -------- End of program
2019-02-13_21:18:17,505 ------- Program started
2019-02-13_21:18:25,151 user dbuserauthenticated succesfully
2019-02-13_21:18:29,261 userdbusermanaging the Database
2019-02-13_21:18:35,092 userdbusermanaging Question's Table
2019-02-13_21:18:36,292 userdbuserchoose Create A Question
2019-02-13_21:18:44,198 -------- End of program
2019-02-13_21:21:21,673 ------- Program started
2019-02-13_21:21:29,648 user dbuserauthenticated succesfully
2019-02-13_21:21:33,367 userdbusermanaging the Database
2019-02-13_21:21:35,388 userdbusermanaging Question's Table
2019-02-13_21:21:36,628 userdbuserchoose Create A Question
2019-02-13_21:21:48,720 -------- End of program
2019-02-13_21:57:44,292 ------- Program started
2019-02-13_21:57:50,635 user dbuserauthenticated succesfully
2019-02-13_21:57:52,850 userdbusermanaging the Database
2019-02-13_21:57:55,019 userdbusermanaging Question's Table
2019-02-13_21:57:56,535 userdbuserchoose Create A Question
2019-02-13_21:58:07,486 -------- End of program
2019-02-13_22:21:04,644 ------- Program started
2019-02-13_22:21:10,798 user dbuserauthenticated succesfully
2019-02-13_22:21:16,242 userdbusermanaging the Database
2019-02-13_22:21:18,241 userdbusermanaging Question's Table
2019-02-13_22:21:19,944 userdbuserchoose Create A Question
2019-02-13_22:21:27,743 -------- End of program
2019-02-13_22:31:42,889 ------- Program started
2019-02-13_22:31:49,242 user dbuserauthenticated succesfully
2019-02-13_22:31:53,146 userdbusermanaging the Database
2019-02-13_22:31:54,976 userdbusermanaging Question's Table
2019-02-13_22:31:56,389 userdbuserchoose Create A Question
2019-02-13_22:32:08,368 -------- End of program
2019-02-13_22:33:47,175 ------- Program started
2019-02-13_22:33:58,731 user dbuserauthenticated succesfully
2019-02-13_22:34:01,459 userdbusermanaging the Database
2019-02-13_22:34:03,207 userdbusermanaging Question's Table
2019-02-13_22:34:04,378 userdbuserchoose Create A Question
2019-02-13_22:34:17,972 -------- End of program
2019-02-13_22:50:14,219 ------- Program started
2019-02-13_22:50:19,845 user dbuserauthenticated succesfully
2019-02-13_22:50:22,550 userdbusermanaging the Database
2019-02-13_22:50:25,256 userdbusermanaging Question's Table
2019-02-13_22:50:26,493 userdbuserchoose Create A Question
2019-02-13_22:50:42,463 -------- End of program
2019-02-14_00:40:15,825 ------- Program started
2019-02-14_00:40:23,489 user dbuserauthenticated succesfully
2019-02-14_00:40:44,178 userdbusermanaging the Database
2019-02-14_00:40:46,213 userdbusermanaging Question's Table
2019-02-14_00:40:48,709 userdbuserchoose Update A Question
2019-02-14_00:41:25,052 userdbuserchoose Delete A Question
2019-02-14_00:41:25,059 userdbuserchoose Search A Question
2019-02-14_00:41:25,059 -------- End of program
2019-02-14_00:42:38,194 ------- Program started
2019-02-14_00:42:44,879 user dbuserauthenticated succesfully
2019-02-14_00:42:48,617 userdbusermanaging the Database
2019-02-14_00:42:51,411 userdbusermanaging Question's Table
2019-02-14_00:42:53,204 userdbuserchoose Update A Question
2019-02-14_00:43:40,181 userdbuserchoose Delete A Question
2019-02-14_00:43:40,195 userdbuserchoose Search A Question
2019-02-14_00:43:40,195 -------- End of program
2019-02-14_01:12:21,846 ------- Program started
2019-02-14_01:12:28,456 user dbuserauthenticated succesfully
2019-02-14_01:12:31,319 userdbusermanaging the Database
2019-02-14_01:12:34,217 userdbusermanaging Question's Table
2019-02-14_01:13:08,301 ------- Program started
2019-02-14_01:13:13,524 user dbuserauthenticated succesfully
2019-02-14_01:13:16,319 userdbusermanaging the Database
2019-02-14_01:13:18,155 userdbusermanaging Question's Table
2019-02-14_01:14:24,433 userdbuserchoose Update A Question
2019-02-14_01:34:28,568 ------- Program started
2019-02-14_01:34:35,313 user dbuserauthenticated succesfully
2019-02-14_01:34:37,845 userdbusermanaging the Database
2019-02-14_01:34:39,798 userdbusermanaging Question's Table
2019-02-14_01:34:41,546 userdbuserchoose Create A Question
2019-02-14_01:35:02,489 -------- End of program
2019-02-14_02:38:11,906 ------- Program started
2019-02-14_02:38:32,302 user dbuserauthenticated succesfully
2019-02-14_02:38:35,155 userdbusermanaging the Database
2019-02-14_02:38:37,116 userdbusermanaging Question's Table
2019-02-14_02:38:38,989 userdbuserchoose Search A Question
2019-02-14_02:40:14,105 ------- Program started
2019-02-14_02:40:21,528 user dbuserauthenticated succesfully
2019-02-14_02:40:23,525 userdbusermanaging the Database
2019-02-14_02:40:25,019 userdbusermanaging Question's Table
2019-02-14_02:40:26,527 userdbuserchoose Search A Question
2019-02-14_02:42:01,280 ------- Program started
2019-02-14_02:42:07,297 user dbuserauthenticated succesfully
2019-02-14_02:42:09,836 userdbusermanaging the Database
2019-02-14_02:42:11,812 userdbusermanaging Question's Table
2019-02-14_02:42:13,511 userdbuserchoose Search A Question
2019-02-14_02:44:33,193 ------- Program started
2019-02-14_02:44:41,444 user dbuserauthenticated succesfully
2019-02-14_02:44:43,435 userdbusermanaging the Database
2019-02-14_02:44:46,965 userdbusermanaging Question's Table
2019-02-14_02:44:48,543 userdbuserchoose Search A Question
2019-02-14_02:45:27,928 ------- Program started
2019-02-14_02:45:33,677 user dbuserauthenticated succesfully
2019-02-14_02:45:35,444 userdbusermanaging the Database
2019-02-14_02:45:37,256 userdbusermanaging Question's Table
2019-02-14_02:45:38,480 userdbuserchoose Search A Question
2019-02-14_02:50:31,645 ------- Program started
2019-02-14_02:50:39,007 user dbuserauthenticated succesfully
2019-02-14_02:50:48,504 userdbusermanaging the Database
2019-02-14_02:50:51,227 userdbusermanaging Question's Table
2019-02-14_02:50:53,310 userdbuserchoose Search A Question
2019-02-14_02:56:31,241 ------- Program started
2019-02-14_02:56:37,274 user dbuserauthenticated succesfully
2019-02-14_02:56:39,349 userdbusermanaging the Database
2019-02-14_02:56:40,984 userdbusermanaging Question's Table
2019-02-14_02:56:48,990 userdbuserchoose Search A Question
2019-02-14_03:08:37,298 ------- Program started
2019-02-14_03:08:42,357 user dbuserauthenticated succesfully
2019-02-14_03:08:44,303 userdbusermanaging the Database
2019-02-14_03:08:45,745 userdbusermanaging Question's Table
2019-02-14_03:08:47,450 userdbuserchoose Search A Question
2019-02-14_03:30:20,042 ------- Program started
2019-02-14_03:30:25,475 user dbuserauthenticated succesfully
2019-02-14_03:30:36,354 userdbusermanaging the Database
2019-02-14_03:30:40,563 userdbusermanaging Question's Table
2019-02-14_03:30:43,185 userdbuserchoose Search A Question
2019-02-14_03:31:12,997 ------- Program started
2019-02-14_03:31:17,836 user dbuserauthenticated succesfully
2019-02-14_03:31:20,062 userdbusermanaging the Database
2019-02-14_03:31:21,831 userdbusermanaging Question's Table
2019-02-14_03:31:22,538 userdbuserchoose Search A Question
2019-02-14_03:33:06,517 ------- Program started
2019-02-14_03:33:12,632 user dbuserauthenticated succesfully
2019-02-14_03:33:14,483 userdbusermanaging the Database
2019-02-14_03:33:14,899 userdbusermanaging Question's Table
2019-02-14_03:33:16,006 userdbuserchoose Search A Question
2019-02-14_03:38:42,366 ------- Program started
2019-02-14_03:38:48,258 user dbuserauthenticated succesfully
2019-02-14_03:38:55,162 userdbusermanaging the Database
2019-02-14_03:38:57,137 userdbusermanaging Question's Table
2019-02-14_03:38:58,931 userdbuserchoose Search A Question
2019-02-14_03:39:00,215 -------- End of program
2019-02-14_03:45:25,825 ------- Program started
2019-02-14_03:45:31,513 user dbuserauthenticated succesfully
2019-02-14_03:46:11,738 userdbusermanaging the Database
2019-02-14_03:46:13,500 userdbusermanaging Question's Table
2019-02-14_03:46:15,620 userdbuserchoose Delete A Question
2019-02-14_03:46:19,510 -------- End of program
2019-02-14_03:46:34,455 ------- Program started
2019-02-14_03:46:40,119 user dbuserauthenticated succesfully
2019-02-14_03:46:42,305 userdbusermanaging the Database
2019-02-14_03:47:12,768 userdbusermanaging Question's Table
2019-02-14_03:47:15,209 userdbuserchoose Create A Question
2019-02-14_03:47:37,975 -------- End of program
2019-02-14_04:59:18,718 ------- Program started
2019-02-14_04:59:24,582 user dbuserauthenticated succesfully
2019-02-14_04:59:27,813 userdbusermanaging the Database
2019-02-14_04:59:30,936 userdbusermanaging Answer's Table
2019-02-14_04:59:33,088 userdbuserchoose Create An Answer
2019-02-14_04:59:41,112 -------- End of program
2019-02-15_21:02:28,642 ------- Program started
2019-02-15_21:02:35,444 user dbuserauthenticated succesfully
2019-02-15_21:02:39,101 userdbusermanaging the Database
2019-02-15_21:02:40,730 userdbusermanaging Question's Table
2019-02-15_21:02:42,762 userdbuserchoose Create A Question
2019-02-15_21:03:14,982 -------- End of program
2019-02-15_21:03:31,909 ------- Program started
2019-02-15_21:03:37,249 user dbuserauthenticated succesfully
2019-02-15_21:03:42,039 userdbusermanaging the Database
2019-02-15_21:03:46,339 userdbusermanaging Question's Table
2019-02-15_21:03:47,524 userdbuserchoose Delete A Question
2019-02-15_21:03:50,149 -------- End of program
2019-02-18_16:53:37,821 ------- Program started
2019-02-18_16:53:50,306 user dbuserauthenticated succesfully
2019-02-19_21:24:27,592 ------- Program started
2019-02-19_21:24:34,678 user DBUSERauthenticated succesfully
2019-02-19_21:28:05,162 -------- End of program
2019-02-19_21:28:15,532 ------- Program started
2019-02-19_21:28:22,386 authentication failure for that user dbuser
2019-02-19_21:30:43,640 userdbusermanaging the Database
2019-02-19_21:30:47,589 ------- Program started
2019-02-19_21:30:51,204 authentication failure for that user adsa
2019-02-19_21:30:51,204 -------- End of program
2019-02-19_21:31:15,633 ------- Program started
2019-02-19_21:31:33,772 user dbuserauthenticated succesfully
2019-02-19_21:35:12,343 ------- Program started
2019-02-19_21:35:26,848 user dbuserauthenticated succesfully
2019-02-19_21:35:34,874 userdbuserperforming the quiz
2019-02-19_21:35:39,899 userdbusernot reading the rules
2019-02-19_21:36:01,092 ------- Program started
2019-02-19_21:36:06,196 user dbuserauthenticated succesfully
2019-02-19_21:36:09,429 userdbuserperforming the quiz
2019-02-19_21:36:11,879 userdbusernot reading the rules
2019-02-19_21:38:21,381 ------- Program started
2019-02-19_21:38:26,746 user dbuser authenticated succesfully
2019-02-19_21:38:30,813 user dbuser performing the quiz
2019-02-19_21:38:33,909 user dbuser not reading the rules
2019-02-19_21:45:05,900 ------- Program started
2019-02-19_21:45:11,320 user dbuser authenticated succesfully
2019-02-19_21:45:14,110 user dbuser performing the quiz
2019-02-19_21:45:16,714 user dbuser not reading the rules
2019-02-19_21:51:16,103 ------- Program started
2019-02-19_21:51:23,842 ------- Program started
2019-02-19_21:51:31,660 user dbuser authenticated succesfully
2019-02-19_21:51:34,926 user dbuser performing the quiz
2019-02-19_21:51:36,748 user dbuser not reading the rules
2019-02-19_21:53:37,188 ------- Program started
2019-02-19_21:53:42,944 user dbuser authenticated succesfully
2019-02-19_21:53:45,844 user dbuser performing the quiz
2019-02-19_21:53:48,388 user dbuser not reading the rules
2019-02-19_21:55:33,210 ------- Program started
2019-02-19_21:55:40,072 user dbuser authenticated succesfully
2019-02-19_21:55:42,799 user dbuser performing the quiz
2019-02-19_21:55:44,985 user dbuser not reading the rules
2019-02-19_22:09:36,819 ------- Program started
2019-02-19_22:09:42,312 user dbuser authenticated succesfully
2019-02-19_22:09:45,088 user dbuser performing the quiz
2019-02-19_22:09:46,639 user dbuser not reading the rules
2019-02-19_22:11:01,827 ------- Program started
2019-02-19_22:11:07,795 user dbuser authenticated succesfully
2019-02-19_22:11:09,537 user dbuser performing the quiz
2019-02-19_22:11:11,221 user dbuser not reading the rules
2019-02-19_22:11:51,472 ------- Program started
2019-02-19_22:11:56,791 user dbuser authenticated succesfully
2019-02-19_22:11:58,335 user dbuser performing the quiz
2019-02-19_22:11:59,835 user dbuser not reading the rules
2019-02-19_22:15:08,582 -------- End of program
2019-02-19_22:26:14,192 ------- Program started
2019-02-19_22:26:19,565 user dbuser authenticated succesfully
2019-02-19_22:26:22,177 user dbuser performing the quiz
2019-02-19_22:26:23,739 user dbuser not reading the rules
2019-02-19_22:39:02,037 ------- Program started
2019-02-19_22:39:07,048 user dbuser authenticated succesfully
2019-02-19_22:39:08,657 user dbuser performing the quiz
2019-02-19_22:39:10,258 user dbuser not reading the rules
2019-02-19_22:40:31,866 -------- End of program
2019-02-19_23:53:53,425 ------- Program started
2019-02-19_23:54:01,003 user dbuser authenticated succesfully
2019-02-19_23:56:26,657 ------- Program started
2019-02-19_23:57:20,938 user dbuser authenticated succesfully
2019-02-19_23:57:23,530 -------- End of program
2019-02-20_00:13:09,543 ------- Program started
2019-02-20_00:13:15,612 user dbuser authenticated succesfully
2019-02-20_00:13:20,081 user dbuser performing the quiz
2019-02-20_00:13:23,141 user dbuser not reading the rules
2019-02-20_00:13:25,953 -------- End of program
2019-02-20_00:13:59,721 ------- Program started
2019-02-20_00:14:11,439 user dbuser authenticated succesfully
2019-02-20_00:14:14,280 user dbuser performing the quiz
2019-02-20_00:14:18,754 user dbuser not reading the rules
2019-02-20_00:14:52,268 ------- Program started
2019-02-20_00:14:58,783 user dbuser authenticated succesfully
2019-02-20_00:15:00,393 user dbuser performing the quiz
2019-02-20_00:15:02,235 user dbuser not reading the rules
2019-02-20_00:15:13,782 -------- End of program
2019-02-20_00:16:32,188 ------- Program started
2019-02-20_00:16:39,550 user dbuser authenticated succesfully
2019-02-20_00:16:41,884 -------- End of program
2019-02-20_00:19:12,362 ------- Program started
2019-02-20_00:19:25,580 user dbuser authenticated succesfully
2019-02-20_00:19:28,579 user dbuser managing the Database
2019-02-20_00:19:35,847 user dbuser managing Question's Table
2019-02-20_00:19:40,340 user dbuser choose Create A Question
2019-02-20_00:20:36,708 -------- End of program
2019-02-20_01:57:35,632 ------- Program started
2019-02-20_01:57:42,169 user dbuser authenticated succesfully
2019-02-20_01:57:47,391 user dbuser managing the Database
2019-02-20_01:57:54,031 user dbuser managing Question's Table
2019-02-20_01:57:56,267 user dbuser choose Create A Question
2019-02-20_02:00:26,774 user dbuser managing the Database
2019-02-20_02:07:33,821 ------- Program started
2019-02-20_02:07:39,367 user dbuser authenticated succesfully
2019-02-20_02:07:41,792 user dbuser managing the Database
2019-02-20_02:07:51,932 --------Exiting from Database Manager
2019-02-20_02:08:01,693 -------- End of program
2019-02-20_02:11:41,851 ------- Program started
2019-02-20_02:11:46,730 user dbuser authenticated succesfully
2019-02-20_02:14:35,136 user dbuser managing the Database
2019-02-20_02:14:41,919 user dbuser managing Answer's Table
2019-02-20_02:15:20,277 user dbuser managing Answer's Table
2019-02-20_02:15:46,011 user dbuser managing Question's Table
2019-02-20_02:15:55,378 user dbuser managing Topic's Table
2019-02-20_02:16:07,552 user dbuser managing MCQQuestion's Table
2019-02-20_02:16:40,773 --------Exiting from Database Manager
2019-02-20_02:16:49,148 user dbuser managing the Database
2019-02-20_02:16:56,190 user dbuser managing Question's Table
2019-02-20_02:16:59,410 user dbuser choose Create A Question
2019-02-20_02:45:18,539 ------- Program started
2019-02-20_02:45:24,271 user dbuser authenticated succesfully
2019-02-20_02:45:30,714 user dbuser performing the quiz
2019-02-20_02:45:37,234 user dbuser not reading the rules
2019-02-20_02:45:43,926 --------Exiting from the system
2019-02-20_02:45:43,927 -------- End of program
2019-02-20_15:53:32,945 ------- Program started
2019-02-20_15:53:39,162 user dbuser authenticated succesfully
2019-02-20_15:59:26,650 user dbuser managing the Database
2019-02-20_16:38:13,494 ------- Program started
2019-02-20_16:38:17,206 authentication failure for that user root
2019-02-20_16:38:17,207 -------- End of program
2019-02-20_16:38:31,256 ------- Program started
2019-02-20_16:38:37,687 user dbuser authenticated succesfully
2019-02-20_16:38:45,505 ------- Program started
2019-02-20_16:38:50,350 authentication failure for that user russel
2019-02-20_16:38:50,350 -------- End of program
2019-02-20_16:39:12,679 ------- Program started
2019-02-20_16:39:15,941 authentication failure for that user root
2019-02-20_16:39:15,941 -------- End of program
2019-02-20_16:39:30,405 ------- Program started
2019-02-20_16:39:39,765 user dbuser authenticated succesfully
2019-02-20_16:39:41,847 user dbuser managing the Database
2019-02-20_16:41:47,034 --------Exiting from Database Manager
2019-02-20_16:41:50,847 --------Exiting from the system
2019-02-20_16:41:50,847 -------- End of program
2019-02-20_16:57:03,251 ------- Program started
2019-02-20_16:57:08,550 user dbuser authenticated succesfully
2019-02-20_16:57:12,316 user dbuser managing the Database
2019-02-20_16:57:15,521 user dbuser managing Question's Table
2019-02-20_16:57:18,031 user dbuser choose Create A Question
2019-02-20_17:27:02,783 ------- Program started
2019-02-20_17:27:07,224 user dbuser authenticated succesfully
2019-02-20_17:27:09,600 user dbuser managing the Database
2019-02-20_17:27:11,439 user dbuser managing Question's Table
2019-02-20_18:30:07,462 ------- Program started
2019-02-20_18:30:11,575 user dbuser authenticated succesfully
2019-02-20_18:30:15,116 user dbuser managing the Database
2019-02-20_18:30:19,302 user dbuser managing Question's Table
2019-02-20_18:30:22,731 user dbuser choose Search A Question
2019-02-20_20:19:41,374 ------- Program started
2019-02-20_20:19:46,803 user dbuser authenticated succesfully
2019-02-20_20:19:49,881 user dbuser managing the Database
2019-02-20_20:19:52,404 user dbuser managing Question's Table
2019-02-20_20:19:59,981 user dbuser choose Create A Question
2019-02-21_01:43:16,094 ------- Program started
2019-02-21_01:43:27,355 user dbuser authenticated succesfully
2019-02-21_01:43:30,277 user dbuser managing the Database
2019-02-21_01:43:35,466 user dbuser managing MCQQuestion's Table
2019-02-21_01:43:39,775 user dbuser choose Create A MCQQuestion
2019-02-21_01:43:57,690 ------- Program started
2019-02-21_01:44:03,403 authentication failure for that user dbuser 
2019-02-21_01:44:03,410 -------- End of program
2019-02-21_01:44:07,123 ------- Program started
2019-02-21_01:44:13,262 user dbuser authenticated succesfully
2019-02-21_01:44:15,913 user dbuser managing the Database
2019-02-21_01:44:20,056 user dbuser managing MCQQuestion's Table
2019-02-21_01:44:23,743 user dbuser choose Create A MCQQuestion
